This is pdfTeX, Version 3.1415926-2.4-1.40.13 (TeX Live 2012) (format=pdflatex 2012.6.30)  10 NOV 2014 13:22
entering extended mode
 restricted \write18 enabled.
 file:line:error style messages enabled.
 %&-line parsing enabled.
**writeupLab4.tex
(./writeupLab4.tex
LaTeX2e <2011/06/27>
Babel <v3.8m> and hyphenation patterns for english, dumylang, nohyphenation, ge
rman-x-2012-05-30, ngerman-x-2012-05-30, afrikaans, ancientgreek, ibycus, arabi
c, armenian, basque, bulgarian, catalan, pinyin, coptic, croatian, czech, danis
h, dutch, ukenglish, usenglishmax, esperanto, estonian, ethiopic, farsi, finnis
h, french, friulan, galician, german, ngerman, swissgerman, monogreek, greek, h
ungarian, icelandic, assamese, bengali, gujarati, hindi, kannada, malayalam, ma
rathi, oriya, panjabi, tamil, telugu, indonesian, interlingua, irish, italian, 
kurmanji, latin, latvian, lithuanian, mongolian, mongolianlmc, bokmal, nynorsk,
 polish, portuguese, romanian, romansh, russian, sanskrit, serbian, serbianc, s
lovak, slovenian, spanish, swedish, turkish, turkmen, ukrainian, uppersorbian, 
welsh, loaded.
(/usr/local/texlive/2012/texmf-dist/tex/latex/base/article.cls
Document Class: article 2007/10/19 v1.4h Standard LaTeX document class
(/usr/local/texlive/2012/texmf-dist/tex/latex/base/size10.clo
File: size10.clo 2007/10/19 v1.4h Standard LaTeX file (size option)
)
\c@part=\count79
\c@section=\count80
\c@subsection=\count81
\c@subsubsection=\count82
\c@paragraph=\count83
\c@subparagraph=\count84
\c@figure=\count85
\c@table=\count86
\abovecaptionskip=\skip41
\belowcaptionskip=\skip42
\bibindent=\dimen102
)
(/usr/local/texlive/2012/texmf-dist/tex/latex/graphics/graphicx.sty
Package: graphicx 1999/02/16 v1.0f Enhanced LaTeX Graphics (DPC,SPQR)

(/usr/local/texlive/2012/texmf-dist/tex/latex/graphics/keyval.sty
Package: keyval 1999/03/16 v1.13 key=value parser (DPC)
\KV@toks@=\toks14
)
(/usr/local/texlive/2012/texmf-dist/tex/latex/graphics/graphics.sty
Package: graphics 2009/02/05 v1.0o Standard LaTeX Graphics (DPC,SPQR)

(/usr/local/texlive/2012/texmf-dist/tex/latex/graphics/trig.sty
Package: trig 1999/03/16 v1.09 sin cos tan (DPC)
)
(/usr/local/texlive/2012/texmf-dist/tex/latex/latexconfig/graphics.cfg
File: graphics.cfg 2010/04/23 v1.9 graphics configuration of TeX Live
)
Package graphics Info: Driver file: pdftex.def on input line 91.

(/usr/local/texlive/2012/texmf-dist/tex/latex/pdftex-def/pdftex.def
File: pdftex.def 2011/05/27 v0.06d Graphics/color for pdfTeX

(/usr/local/texlive/2012/texmf-dist/tex/generic/oberdiek/infwarerr.sty
Package: infwarerr 2010/04/08 v1.3 Providing info/warning/error messages (HO)
)
(/usr/local/texlive/2012/texmf-dist/tex/generic/oberdiek/ltxcmds.sty
Package: ltxcmds 2011/11/09 v1.22 LaTeX kernel commands for general use (HO)
)
\Gread@gobject=\count87
))
\Gin@req@height=\dimen103
\Gin@req@width=\dimen104
)
(/usr/local/texlive/2012/texmf-dist/tex/latex/graphics/color.sty
Package: color 2005/11/14 v1.0j Standard LaTeX Color (DPC)

(/usr/local/texlive/2012/texmf-dist/tex/latex/latexconfig/color.cfg
File: color.cfg 2007/01/18 v1.5 color configuration of teTeX/TeXLive
)
Package color Info: Driver file: pdftex.def on input line 130.
)
(/usr/local/texlive/2012/texmf-dist/tex/latex/framed/framed.sty
Package: framed 2011/10/22 v 0.96: framed or shaded text with page breaks
\OuterFrameSep=\skip43
\fb@frw=\dimen105
\fb@frh=\dimen106
\FrameRule=\dimen107
\FrameSep=\dimen108
)
(/usr/local/texlive/2012/texmf-dist/tex/latex/base/alltt.sty
Package: alltt 1997/06/16 v2.0g defines alltt environment
)
(/usr/local/texlive/2012/texmf-dist/tex/latex/fancyhdr/fancyhdr.sty
\fancy@headwidth=\skip44
\f@ncyO@elh=\skip45
\f@ncyO@erh=\skip46
\f@ncyO@olh=\skip47
\f@ncyO@orh=\skip48
\f@ncyO@elf=\skip49
\f@ncyO@erf=\skip50
\f@ncyO@olf=\skip51
\f@ncyO@orf=\skip52
)
(/usr/local/texlive/2012/texmf-dist/tex/latex/float/float.sty
Package: float 2001/11/08 v1.3d Float enhancements (AL)
\c@float@type=\count88
\float@exts=\toks15
\float@box=\box26
\@float@everytoks=\toks16
\@floatcapt=\box27
)
(/usr/local/texlive/2012/texmf-dist/tex/latex/amscls/amsthm.sty
Package: amsthm 2009/07/02 v2.20.1
\thm@style=\toks17
\thm@bodyfont=\toks18
\thm@headfont=\toks19
\thm@notefont=\toks20
\thm@headpunct=\toks21
\thm@preskip=\skip53
\thm@postskip=\skip54
\thm@headsep=\skip55
\dth@everypar=\toks22
)
(/usr/local/texlive/2012/texmf-dist/tex/latex/amsmath/amsmath.sty
Package: amsmath 2000/07/18 v2.13 AMS math features
\@mathmargin=\skip56

For additional information on amsmath, use the `?' option.
(/usr/local/texlive/2012/texmf-dist/tex/latex/amsmath/amstext.sty
Package: amstext 2000/06/29 v2.01

(/usr/local/texlive/2012/texmf-dist/tex/latex/amsmath/amsgen.sty
File: amsgen.sty 1999/11/30 v2.0
\@emptytoks=\toks23
\ex@=\dimen109
))
(/usr/local/texlive/2012/texmf-dist/tex/latex/amsmath/amsbsy.sty
Package: amsbsy 1999/11/29 v1.2d
\pmbraise@=\dimen110
)
(/usr/local/texlive/2012/texmf-dist/tex/latex/amsmath/amsopn.sty
Package: amsopn 1999/12/14 v2.01 operator names
)
\inf@bad=\count89
LaTeX Info: Redefining \frac on input line 211.
\uproot@=\count90
\leftroot@=\count91
LaTeX Info: Redefining \overline on input line 307.
\classnum@=\count92
\DOTSCASE@=\count93
LaTeX Info: Redefining \ldots on input line 379.
LaTeX Info: Redefining \dots on input line 382.
LaTeX Info: Redefining \cdots on input line 467.
\Mathstrutbox@=\box28
\strutbox@=\box29
\big@size=\dimen111
LaTeX Font Info:    Redeclaring font encoding OML on input line 567.
LaTeX Font Info:    Redeclaring font encoding OMS on input line 568.
\macc@depth=\count94
\c@MaxMatrixCols=\count95
\dotsspace@=\muskip10
\c@parentequation=\count96
\dspbrk@lvl=\count97
\tag@help=\toks24
\row@=\count98
\column@=\count99
\maxfields@=\count100
\andhelp@=\toks25
\eqnshift@=\dimen112
\alignsep@=\dimen113
\tagshift@=\dimen114
\tagwidth@=\dimen115
\totwidth@=\dimen116
\lineht@=\dimen117
\@envbody=\toks26
\multlinegap=\skip57
\multlinetaggap=\skip58
\mathdisplay@stack=\toks27
LaTeX Info: Redefining \[ on input line 2666.
LaTeX Info: Redefining \] on input line 2667.
)
(/usr/local/texlive/2012/texmf-dist/tex/latex/wrapfig/wrapfig.sty
\wrapoverhang=\dimen118
\WF@size=\dimen119
\c@WF@wrappedlines=\count101
\WF@box=\box30
\WF@everypar=\toks28
Package: wrapfig 2003/01/31  v 3.6
)
(/usr/local/texlive/2012/texmf-dist/tex/latex/geometry/geometry.sty
Package: geometry 2010/09/12 v5.6 Page Geometry

(/usr/local/texlive/2012/texmf-dist/tex/generic/oberdiek/ifpdf.sty
Package: ifpdf 2011/01/30 v2.3 Provides the ifpdf switch (HO)
Package ifpdf Info: pdfTeX in PDF mode is detected.
)
(/usr/local/texlive/2012/texmf-dist/tex/generic/oberdiek/ifvtex.sty
Package: ifvtex 2010/03/01 v1.5 Detect VTeX and its facilities (HO)
Package ifvtex Info: VTeX not detected.
)
(/usr/local/texlive/2012/texmf-dist/tex/generic/ifxetex/ifxetex.sty
Package: ifxetex 2010/09/12 v0.6 Provides ifxetex conditional
)
\Gm@cnth=\count102
\Gm@cntv=\count103
\c@Gm@tempcnt=\count104
\Gm@bindingoffset=\dimen120
\Gm@wd@mp=\dimen121
\Gm@odd@mp=\dimen122
\Gm@even@mp=\dimen123
\Gm@layoutwidth=\dimen124
\Gm@layoutheight=\dimen125
\Gm@layouthoffset=\dimen126
\Gm@layoutvoffset=\dimen127
\Gm@dimlist=\toks29
)
(/usr/local/texlive/2012/texmf-dist/tex/latex/upquote/upquote.sty
Package: upquote 2012/04/19 v1.3 upright-quote and grave-accent glyphs in verba
tim
)
\c@corollary=\count105
\c@theorem=\count106
\c@example=\count107
\c@question=\count108
\c@remark=\count109
\c@conjecture=\count110
\c@proposition=\count111
\c@definition=\count112

(./writeupLab4.aux

LaTeX Warning: Label `' multiply defined.


LaTeX Warning: Label `' multiply defined.


LaTeX Warning: Label `' multiply defined.


LaTeX Warning: Label `' multiply defined.


LaTeX Warning: Label `' multiply defined.


LaTeX Warning: Label `' multiply defined.


LaTeX Warning: Label `' multiply defined.


LaTeX Warning: Label `' multiply defined.


LaTeX Warning: Label `' multiply defined.


LaTeX Warning: Label `' multiply defined.


LaTeX Warning: Label `' multiply defined.


LaTeX Warning: Label `' multiply defined.


LaTeX Warning: Label `' multiply defined.


LaTeX Warning: Label `' multiply defined.


LaTeX Warning: Label `' multiply defined.


LaTeX Warning: Label `' multiply defined.


LaTeX Warning: Label `' multiply defined.


LaTeX Warning: Label `' multiply defined.


LaTeX Warning: Label `' multiply defined.


LaTeX Warning: Label `' multiply defined.


LaTeX Warning: Label `' multiply defined.


LaTeX Warning: Label `' multiply defined.

)
\openout1 = `writeupLab4.aux'.

LaTeX Font Info:    Checking defaults for OML/cmm/m/it on input line 80.
LaTeX Font Info:    ... okay on input line 80.
LaTeX Font Info:    Checking defaults for T1/cmr/m/n on input line 80.
LaTeX Font Info:    ... okay on input line 80.
LaTeX Font Info:    Checking defaults for OT1/cmr/m/n on input line 80.
LaTeX Font Info:    ... okay on input line 80.
LaTeX Font Info:    Checking defaults for OMS/cmsy/m/n on input line 80.
LaTeX Font Info:    ... okay on input line 80.
LaTeX Font Info:    Checking defaults for OMX/cmex/m/n on input line 80.
LaTeX Font Info:    ... okay on input line 80.
LaTeX Font Info:    Checking defaults for U/cmr/m/n on input line 80.
LaTeX Font Info:    ... okay on input line 80.
 (/usr/local/texlive/2012/texmf-dist/tex/context/base/supp-pdf.mkii
[Loading MPS to PDF converter (version 2006.09.02).]
\scratchcounter=\count113
\scratchdimen=\dimen128
\scratchbox=\box31
\nofMPsegments=\count114
\nofMParguments=\count115
\everyMPshowfont=\toks30
\MPscratchCnt=\count116
\MPscratchDim=\dimen129
\MPnumerator=\count117
\makeMPintoPDFobject=\count118
\everyMPtoPDFconversion=\toks31
) (/usr/local/texlive/2012/texmf-dist/tex/generic/oberdiek/pdftexcmds.sty
Package: pdftexcmds 2011/11/29 v0.20 Utility functions of pdfTeX for LuaTeX (HO
)

(/usr/local/texlive/2012/texmf-dist/tex/generic/oberdiek/ifluatex.sty
Package: ifluatex 2010/03/01 v1.3 Provides the ifluatex switch (HO)
Package ifluatex Info: LuaTeX not detected.
)
Package pdftexcmds Info: LuaTeX not detected.
Package pdftexcmds Info: \pdf@primitive is available.
Package pdftexcmds Info: \pdf@ifprimitive is available.
Package pdftexcmds Info: \pdfdraftmode found.
)
(/usr/local/texlive/2012/texmf-dist/tex/latex/oberdiek/epstopdf-base.sty
Package: epstopdf-base 2010/02/09 v2.5 Base part for package epstopdf

(/usr/local/texlive/2012/texmf-dist/tex/latex/oberdiek/grfext.sty
Package: grfext 2010/08/19 v1.1 Manage graphics extensions (HO)

(/usr/local/texlive/2012/texmf-dist/tex/generic/oberdiek/kvdefinekeys.sty
Package: kvdefinekeys 2011/04/07 v1.3 Define keys (HO)
))
(/usr/local/texlive/2012/texmf-dist/tex/latex/oberdiek/kvoptions.sty
Package: kvoptions 2011/06/30 v3.11 Key value format for package options (HO)

(/usr/local/texlive/2012/texmf-dist/tex/generic/oberdiek/kvsetkeys.sty
Package: kvsetkeys 2012/04/25 v1.16 Key value parser (HO)

(/usr/local/texlive/2012/texmf-dist/tex/generic/oberdiek/etexcmds.sty
Package: etexcmds 2011/02/16 v1.5 Avoid name clashes with e-TeX commands (HO)
Package etexcmds Info: Could not find \expanded.
(etexcmds)             That can mean that you are not using pdfTeX 1.50 or
(etexcmds)             that some package has redefined \expanded.
(etexcmds)             In the latter case, load this package earlier.
)))
Package grfext Info: Graphics extension search list:
(grfext)             [.png,.pdf,.jpg,.mps,.jpeg,.jbig2,.jb2,.PNG,.PDF,.JPG,.JPE
G,.JBIG2,.JB2,.eps]
(grfext)             \AppendGraphicsExtensions on input line 452.

(/usr/local/texlive/2012/texmf-dist/tex/latex/latexconfig/epstopdf-sys.cfg
File: epstopdf-sys.cfg 2010/07/13 v1.3 Configuration of (r)epstopdf for TeX Liv
e
))
*geometry* driver: auto-detecting
*geometry* detected driver: pdftex
*geometry* verbose mode - [ preamble ] result:
* driver: pdftex
* paper: <default>
* layout: <same size as paper>
* layoutoffset:(h,v)=(0.0pt,0.0pt)
* modes: 
* h-part:(L,W,R)=(72.26999pt, 469.75502pt, 72.26999pt)
* v-part:(T,H,B)=(72.26999pt, 650.43001pt, 72.26999pt)
* \paperwidth=614.295pt
* \paperheight=794.96999pt
* \textwidth=469.75502pt
* \textheight=650.43001pt
* \oddsidemargin=0.0pt
* \evensidemargin=0.0pt
* \topmargin=-37.0pt
* \headheight=12.0pt
* \headsep=25.0pt
* \topskip=10.0pt
* \footskip=30.0pt
* \marginparwidth=65.0pt
* \marginparsep=11.0pt
* \columnsep=10.0pt
* \skip\footins=9.0pt plus 4.0pt minus 2.0pt
* \hoffset=0.0pt
* \voffset=0.0pt
* \mag=1000
* \@twocolumnfalse
* \@twosidefalse
* \@mparswitchfalse
* \@reversemarginfalse
* (1in=72.27pt=25.4mm, 1cm=28.453pt)

<NDAI1.png, id=1, 481.8pt x 481.8pt>
File: NDAI1.png Graphic file (type png)
 <use NDAI1.png>
Package pdftex.def Info: NDAI1.png used on input line 101.
(pdftex.def)             Requested size: 150.31952pt x 99.99736pt.

Overfull \hbox (3.93892pt too wide) in paragraph at lines 101--102
[]\OT1/cmr/m/n/10 s[] 
 []

<NDAI2.png, id=3, 481.8pt x 481.8pt>
File: NDAI2.png Graphic file (type png)
 <use NDAI2.png>
Package pdftex.def Info: NDAI2.png used on input line 104.
(pdftex.def)             Requested size: 150.31952pt x 99.99736pt.

Overfull \hbox (3.93892pt too wide) in paragraph at lines 104--105
[]\OT1/cmr/m/n/10 s[] 
 []

<NDAI3.png, id=4, 481.8pt x 481.8pt>
File: NDAI3.png Graphic file (type png)
 <use NDAI3.png>
Package pdftex.def Info: NDAI3.png used on input line 107.
(pdftex.def)             Requested size: 150.31952pt x 99.99736pt.

Overfull \hbox (3.93892pt too wide) in paragraph at lines 107--108
[]\OT1/cmr/m/n/10 s[] 
 []

<SD1.png, id=5, 481.8pt x 481.8pt>
File: SD1.png Graphic file (type png)
 <use SD1.png>
Package pdftex.def Info: SD1.png used on input line 114.
(pdftex.def)             Requested size: 150.31952pt x 99.99736pt.

Overfull \hbox (3.93892pt too wide) in paragraph at lines 114--115
[]\OT1/cmr/m/n/10 s[] 
 []

<SD2.png, id=6, 481.8pt x 481.8pt>
File: SD2.png Graphic file (type png)
 <use SD2.png>
Package pdftex.def Info: SD2.png used on input line 117.
(pdftex.def)             Requested size: 150.31952pt x 99.99736pt.

Overfull \hbox (3.93892pt too wide) in paragraph at lines 117--118
[]\OT1/cmr/m/n/10 s[] 
 []

<SD3.png, id=7, 481.8pt x 481.8pt>
File: SD3.png Graphic file (type png)
 <use SD3.png>
Package pdftex.def Info: SD3.png used on input line 120.
(pdftex.def)             Requested size: 150.31952pt x 99.99736pt.

Overfull \hbox (3.93892pt too wide) in paragraph at lines 120--121
[]\OT1/cmr/m/n/10 s[] 
 []

[1

{/usr/local/texlive/2012/texmf-var/fonts/map/pdftex/updmap/pdftex.map} <./NDAI1
.png> <./NDAI2.png> <./NDAI3.png>] <CORR1.png, id=20, 481.8pt x 481.8pt>
File: CORR1.png Graphic file (type png)

<use CORR1.png>
Package pdftex.def Info: CORR1.png used on input line 127.
(pdftex.def)             Requested size: 150.31952pt x 99.99736pt.

Overfull \hbox (3.93892pt too wide) in paragraph at lines 127--128
[]\OT1/cmr/m/n/10 s[] 
 []

<CORR2.png, id=21, 481.8pt x 481.8pt>
File: CORR2.png Graphic file (type png)
 <use CORR2.png>
Package pdftex.def Info: CORR2.png used on input line 130.
(pdftex.def)             Requested size: 150.31952pt x 99.99736pt.

Overfull \hbox (3.93892pt too wide) in paragraph at lines 130--131
[]\OT1/cmr/m/n/10 s[] 
 []

<CORR3.png, id=22, 481.8pt x 481.8pt>
File: CORR3.png Graphic file (type png)
 <use CORR3.png>
Package pdftex.def Info: CORR3.png used on input line 133.
(pdftex.def)             Requested size: 150.31952pt x 99.99736pt.

Overfull \hbox (3.93892pt too wide) in paragraph at lines 133--134
[]\OT1/cmr/m/n/10 s[] 
 []

<CORRvsNDAI.png, id=23, 707.64375pt x 483.8075pt>
File: CORRvsNDAI.png Graphic file (type png)
 <use CORRvsNDAI.png>
Package pdftex.def Info: CORRvsNDAI.png used on input line 141.
(pdftex.def)             Requested size: 150.32504pt x 102.76897pt.

<CORRvsSD.png, id=24, 707.64375pt x 483.8075pt>
File: CORRvsSD.png Graphic file (type png)
 <use CORRvsSD.png>
Package pdftex.def Info: CORRvsSD.png used on input line 145.
(pdftex.def)             Requested size: 150.32504pt x 102.76897pt.

<NDAIvsSD.png, id=25, 707.64375pt x 483.8075pt>
File: NDAIvsSD.png Graphic file (type png)
 <use NDAIvsSD.png>
Package pdftex.def Info: NDAIvsSD.png used on input line 149.
(pdftex.def)             Requested size: 150.32504pt x 102.76897pt.

<Image1Experts.png, id=26, 715.67375pt x 543.02875pt>
File: Image1Experts.png Graphic file (type png)
 <use Image1Experts.png>
Package pdftex.def Info: Image1Experts.png used on input line 155.
(pdftex.def)             Requested size: 250.48956pt x 190.0629pt.

<Image1Raw.png, id=27, 715.67375pt x 543.02875pt>
File: Image1Raw.png Graphic file (type png)
 <use Image1Raw.png>
Package pdftex.def Info: Image1Raw.png used on input line 156.
(pdftex.def)             Requested size: 250.48956pt x 190.0629pt.

Overfull \hbox (33.44632pt too wide) in paragraph at lines 155--157
[][] [] 
 []

<Image2Experts.png, id=28, 715.67375pt x 543.02875pt>
File: Image2Experts.png Graphic file (type png)
 <use Image2Experts.png>
Package pdftex.def Info: Image2Experts.png used on input line 158.
(pdftex.def)             Requested size: 250.48956pt x 190.0629pt.

<Image2Raw.png, id=29, 715.67375pt x 543.02875pt>
File: Image2Raw.png Graphic file (type png)
 <use Image2Raw.png>
Package pdftex.def Info: Image2Raw.png used on input line 159.
(pdftex.def)             Requested size: 250.48956pt x 190.0629pt.

Overfull \hbox (33.44632pt too wide) in paragraph at lines 158--160
[][] [] 
 []

<Image3Experts.png, id=30, 715.67375pt x 543.02875pt>
File: Image3Experts.png Graphic file (type png)
 <use Image3Experts.png>
Package pdftex.def Info: Image3Experts.png used on input line 161.
(pdftex.def)             Requested size: 250.48956pt x 190.0629pt.

<Image3Raw.png, id=31, 715.67375pt x 543.02875pt>
File: Image3Raw.png Graphic file (type png)
 <use Image3Raw.png>
Package pdftex.def Info: Image3Raw.png used on input line 162.
(pdftex.def)             Requested size: 250.48956pt x 190.0629pt.

Overfull \hbox (33.44632pt too wide) in paragraph at lines 161--163
[][] [] 
 []

<Image1NDAI.png, id=32, 657.45625pt x 552.0625pt>
File: Image1NDAI.png Graphic file (type png)
 <use Image1NDAI.png>
Package pdftex.def Info: Image1NDAI.png used on input line 168.
(pdftex.def)             Requested size: 230.11313pt x 193.22476pt.

<Image2NDAI.png, id=33, 657.45625pt x 552.0625pt>
File: Image2NDAI.png Graphic file (type png)
 <use Image2NDAI.png>
Package pdftex.def Info: Image2NDAI.png used on input line 169.
(pdftex.def)             Requested size: 230.11313pt x 193.22476pt.

<Image3NDAI.png, id=34, 657.45625pt x 552.0625pt>
File: Image3NDAI.png Graphic file (type png)
 <use Image3NDAI.png>
Package pdftex.def Info: Image3NDAI.png used on input line 170.
(pdftex.def)             Requested size: 230.11313pt x 193.22476pt.

Underfull \hbox (badness 5133) in paragraph at lines 168--171
[][] []
 []

<Image1SD.png, id=35, 657.45625pt x 552.0625pt>
File: Image1SD.png Graphic file (type png)
 <use Image1SD.png>
Package pdftex.def Info: Image1SD.png used on input line 175.
(pdftex.def)             Requested size: 230.11313pt x 193.22476pt.

<Image2SD.png, id=36, 657.45625pt x 552.0625pt>
File: Image2SD.png Graphic file (type png)
 <use Image2SD.png>
Package pdftex.def Info: Image2SD.png used on input line 176.
(pdftex.def)             Requested size: 230.11313pt x 193.22476pt.

<Image3SD.png, id=37, 657.45625pt x 552.0625pt>
File: Image3SD.png Graphic file (type png)
 <use Image3SD.png>
Package pdftex.def Info: Image3SD.png used on input line 177.
(pdftex.def)             Requested size: 230.11313pt x 193.22476pt.

Underfull \hbox (badness 5133) in paragraph at lines 175--178
[][] []
 []

<Image1CORR.png, id=38, 657.45625pt x 552.0625pt>
File: Image1CORR.png Graphic file (type png)
 <use Image1CORR.png>
Package pdftex.def Info: Image1CORR.png used on input line 182.
(pdftex.def)             Requested size: 230.11313pt x 193.22476pt.

<Image2CORR.png, id=39, 657.45625pt x 552.0625pt>
File: Image2CORR.png Graphic file (type png)
 <use Image2CORR.png>
Package pdftex.def Info: Image2CORR.png used on input line 183.
(pdftex.def)             Requested size: 230.11313pt x 193.22476pt.

<Image3CORR.png, id=40, 657.45625pt x 552.0625pt>
File: Image3CORR.png Graphic file (type png)
 <use Image3CORR.png>
Package pdftex.def Info: Image3CORR.png used on input line 184.
(pdftex.def)             Requested size: 230.11313pt x 193.22476pt.

Underfull \hbox (badness 5133) in paragraph at lines 182--185
[][] []
 []

<QDArocCV.png, id=41, 707.64375pt x 483.8075pt>
File: QDArocCV.png Graphic file (type png)
 <use QDArocCV.png>
Package pdftex.def Info: QDArocCV.png used on input line 196.
(pdftex.def)             Requested size: 230.18253pt x 157.36845pt.

<AUCcvQDA.png, id=42, 707.64375pt x 483.8075pt>
File: AUCcvQDA.png Graphic file (type png)
 <use AUCcvQDA.png>
Package pdftex.def Info: AUCcvQDA.png used on input line 200.
(pdftex.def)             Requested size: 230.18253pt x 157.36845pt.


LaTeX Warning: `h' float specifier changed to `ht'.

<Image1FullLogit.png, id=43, 715.67375pt x 543.02875pt>
File: Image1FullLogit.png Graphic file (type png)

<use Image1FullLogit.png>
Package pdftex.def Info: Image1FullLogit.png used on input line 212.
(pdftex.def)             Requested size: 250.48956pt x 190.0629pt.

<Image1FullLogitProb.png, id=44, 715.67375pt x 543.02875pt>
File: Image1FullLogitProb.png Graphic file (type png)

<use Image1FullLogitProb.png>
Package pdftex.def Info: Image1FullLogitProb.png used on input line 213.
(pdftex.def)             Requested size: 250.48956pt x 190.0629pt.

Overfull \hbox (33.44632pt too wide) in paragraph at lines 212--214
[][] [] 
 []

<Image2FullLogit.png, id=45, 715.67375pt x 543.02875pt>
File: Image2FullLogit.png Graphic file (type png)

<use Image2FullLogit.png>
Package pdftex.def Info: Image2FullLogit.png used on input line 215.
(pdftex.def)             Requested size: 250.48956pt x 190.0629pt.

<Image2FullLogitProb.png, id=46, 715.67375pt x 543.02875pt>
File: Image2FullLogitProb.png Graphic file (type png)

<use Image2FullLogitProb.png>
Package pdftex.def Info: Image2FullLogitProb.png used on input line 216.
(pdftex.def)             Requested size: 250.48956pt x 190.0629pt.

Overfull \hbox (33.44632pt too wide) in paragraph at lines 215--217
[][] [] 
 []

<Image3FullLogit.png, id=47, 715.67375pt x 543.02875pt>
File: Image3FullLogit.png Graphic file (type png)

<use Image3FullLogit.png>
Package pdftex.def Info: Image3FullLogit.png used on input line 218.
(pdftex.def)             Requested size: 250.48956pt x 190.0629pt.

<Image3FullLogitProb.png, id=48, 715.67375pt x 543.02875pt>
File: Image3FullLogitProb.png Graphic file (type png)

<use Image3FullLogitProb.png>
Package pdftex.def Info: Image3FullLogitProb.png used on input line 219.
(pdftex.def)             Requested size: 250.48956pt x 190.0629pt.

Overfull \hbox (33.44632pt too wide) in paragraph at lines 218--220
[][] [] 
 []

<Image1Errors.png, id=49, 657.45625pt x 552.0625pt>
File: Image1Errors.png Graphic file (type png)
 <use Image1Errors.png>
Package pdftex.def Info: Image1Errors.png used on input line 225.
(pdftex.def)             Requested size: 230.11313pt x 193.22476pt.

<Image2Errors.png, id=50, 657.45625pt x 552.0625pt>
File: Image2Errors.png Graphic file (type png)
 <use Image2Errors.png>
Package pdftex.def Info: Image2Errors.png used on input line 226.
(pdftex.def)             Requested size: 230.11313pt x 193.22476pt.

<Image3Errors.png, id=51, 657.45625pt x 552.0625pt>
File: Image3Errors.png Graphic file (type png)
 <use Image3Errors.png>
Package pdftex.def Info: Image3Errors.png used on input line 227.
(pdftex.def)             Requested size: 230.11313pt x 193.22476pt.

Underfull \hbox (badness 5133) in paragraph at lines 225--228
[][] []
 []

<LogisticHyperplane.png, id=52, 464.73625pt x 482.80376pt>
File: LogisticHyperplane.png Graphic file (type png)

<use LogisticHyperplane.png>
Package pdftex.def Info: LogisticHyperplane.png used on input line 233.
(pdftex.def)             Requested size: 232.36755pt x 241.40129pt.
 [2 <./SD1.png> <./SD2.png> <./SD3.png> <./CORR1.png> <./CORR2.png> <./CORR3.pn
g> <./CORRvsNDAI.png (PNG copy)> <./CORRvsSD.png (PNG copy)> <./NDAIvsSD.png (P
NG copy)>] [3 <./Image1Experts.png> <./Image1Raw.png> <./Image2Experts.png> <./
Image2Raw.png> <./Image3Experts.png> <./Image3Raw.png>] [4 <./Image1NDAI.png> <
./Image2NDAI.png> <./Image3NDAI.png>] [5 <./Image1SD.png> <./Image2SD.png> <./I
mage3SD.png>] [6 <./Image1CORR.png> <./Image2CORR.png> <./Image3CORR.png>] <AUC
converge.png, id=93, 481.8pt x 481.8pt>
File: AUCconverge.png Graphic file (type png)

<use AUCconverge.png>
Package pdftex.def Info: AUCconverge.png used on input line 246.
(pdftex.def)             Requested size: 150.32504pt x 150.31952pt.
 <CVAUC.png, id=94, 481.8pt x 481.8pt>
File: CVAUC.png Graphic file (type png)
 <use CVAUC.png>
Package pdftex.def Info: CVAUC.png used on input line 250.
(pdftex.def)             Requested size: 150.32504pt x 150.31952pt.

<imageAUC.png, id=95, 481.8pt x 481.8pt>
File: imageAUC.png Graphic file (type png)
 <use imageAUC.png>
Package pdftex.def Info: imageAUC.png used on input line 254.
(pdftex.def)             Requested size: 150.32504pt x 150.31952pt.


LaTeX Warning: `h' float specifier changed to `ht'.

<ROC_block1.pdf, id=96, 505.89pt x 505.89pt>
File: ROC_block1.pdf Graphic file (type pdf)
 <use ROC_block1.pdf>
Package pdftex.def Info: ROC_block1.pdf used on input line 264.
(pdftex.def)             Requested size: 150.32504pt x 150.32466pt.

<ROC_block2.pdf, id=97, 505.89pt x 505.89pt>
File: ROC_block2.pdf Graphic file (type pdf)
 <use ROC_block2.pdf>
Package pdftex.def Info: ROC_block2.pdf used on input line 268.
(pdftex.def)             Requested size: 150.32504pt x 150.32466pt.

<ROC_block3.pdf, id=98, 505.89pt x 505.89pt>
File: ROC_block3.pdf Graphic file (type pdf)
 <use ROC_block3.pdf>
Package pdftex.def Info: ROC_block3.pdf used on input line 272.
(pdftex.def)             Requested size: 150.32504pt x 150.32466pt.


LaTeX Warning: `h' float specifier changed to `ht'.

<ROC_block4.pdf, id=99, 505.89pt x 505.89pt>
File: ROC_block4.pdf Graphic file (type pdf)
 <use ROC_block4.pdf>
Package pdftex.def Info: ROC_block4.pdf used on input line 279.
(pdftex.def)             Requested size: 150.32504pt x 150.32466pt.

<ROC_block5.pdf, id=100, 505.89pt x 505.89pt>
File: ROC_block5.pdf Graphic file (type pdf)
 <use ROC_block5.pdf>
Package pdftex.def Info: ROC_block5.pdf used on input line 283.
(pdftex.def)             Requested size: 150.32504pt x 150.32466pt.

<ROC_block6.pdf, id=101, 505.89pt x 505.89pt>
File: ROC_block6.pdf Graphic file (type pdf)
 <use ROC_block6.pdf>
Package pdftex.def Info: ROC_block6.pdf used on input line 287.
(pdftex.def)             Requested size: 150.32504pt x 150.32466pt.


LaTeX Warning: `h' float specifier changed to `ht'.

<ROC_block8.pdf, id=102, 505.89pt x 505.89pt>
File: ROC_block8.pdf Graphic file (type pdf)
 <use ROC_block8.pdf>
Package pdftex.def Info: ROC_block8.pdf used on input line 294.
(pdftex.def)             Requested size: 150.32504pt x 150.32466pt.

<ROC_block9.pdf, id=103, 505.89pt x 505.89pt>
File: ROC_block9.pdf Graphic file (type pdf)
 <use ROC_block9.pdf>
Package pdftex.def Info: ROC_block9.pdf used on input line 298.
(pdftex.def)             Requested size: 150.32504pt x 150.32466pt.

<ROC_block10.pdf, id=104, 505.89pt x 505.89pt>
File: ROC_block10.pdf Graphic file (type pdf)
 <use ROC_block10.pdf>
Package pdftex.def Info: ROC_block10.pdf used on input line 302.
(pdftex.def)             Requested size: 150.32504pt x 150.32466pt.


LaTeX Warning: `h' float specifier changed to `ht'.

<ROC_block11.pdf, id=105, 505.89pt x 505.89pt>
File: ROC_block11.pdf Graphic file (type pdf)
 <use ROC_block11.pdf>
Package pdftex.def Info: ROC_block11.pdf used on input line 309.
(pdftex.def)             Requested size: 150.32504pt x 150.32466pt.

<ROC_block12.pdf, id=106, 505.89pt x 505.89pt>
File: ROC_block12.pdf Graphic file (type pdf)
 <use ROC_block12.pdf>
Package pdftex.def Info: ROC_block12.pdf used on input line 313.
(pdftex.def)             Requested size: 150.32504pt x 150.32466pt.


LaTeX Warning: `h' float specifier changed to `ht'.

<ROC_image1.pdf, id=107, 505.89pt x 505.89pt>
File: ROC_image1.pdf Graphic file (type pdf)
 <use ROC_image1.pdf>
Package pdftex.def Info: ROC_image1.pdf used on input line 322.
(pdftex.def)             Requested size: 150.32504pt x 150.32466pt.

<ROC_image4.pdf, id=108, 505.89pt x 505.89pt>
File: ROC_image4.pdf Graphic file (type pdf)
 <use ROC_image4.pdf>
Package pdftex.def Info: ROC_image4.pdf used on input line 326.
(pdftex.def)             Requested size: 150.32504pt x 150.32466pt.

<ROC_image8.pdf, id=109, 505.89pt x 505.89pt>
File: ROC_image8.pdf Graphic file (type pdf)
 <use ROC_image8.pdf>
Package pdftex.def Info: ROC_image8.pdf used on input line 330.
(pdftex.def)             Requested size: 150.32504pt x 150.32466pt.


LaTeX Warning: `h' float specifier changed to `ht'.

<LogitROC.png, id=110, 657.45625pt x 513.92pt>
File: LogitROC.png Graphic file (type png)
 <use LogitROC.png>
Package pdftex.def Info: LogitROC.png used on input line 336.
(pdftex.def)             Requested size: 460.21625pt x 359.74153pt.
Missing character: There is no ï in font cmr10!
Missing character: There is no ¿ in font cmr10!
Missing character: There is no ½ in font cmr10!
 [7 <./QDArocCV.png> <./AUCcvQDA.png>] [8 <./Image1FullLogit.png> <./Image1Full
LogitProb.png> <./Image2FullLogit.png> <./Image2FullLogitProb.png> <./Image3Ful
lLogit.png> <./Image3FullLogitProb.png>] [9 <./Image1Errors.png> <./Image2Error
s.png> <./Image3Errors.png>] [10 <./LogisticHyperplane.png> <./AUCconverge.png>
 <./CVAUC.png> <./imageAUC.png>] [11 <./ROC_block1.pdf> <./ROC_block2.pdf> <./R
OC_block3.pdf> <./ROC_block4.pdf> <./ROC_block5.pdf> <./ROC_block6.pdf> <./ROC_
block8.pdf> <./ROC_block9.pdf> <./ROC_block10.pdf>] [12 <./ROC_block11.pdf> <./
ROC_block12.pdf> <./ROC_image1.pdf> <./ROC_image4.pdf> <./ROC_image8.pdf>] [13 
<./LogitROC.png>] (./writeupLab4.aux)

LaTeX Warning: There were multiply-defined labels.

 ) 
Here is how much of TeX's memory you used:
 3357 strings out of 493488
 46767 string characters out of 3141326
 116874 words of memory out of 3000000
 6556 multiletter control sequences out of 15000+200000
 9376 words of font info for 34 fonts, out of 3000000 for 9000
 957 hyphenation exceptions out of 8191
 38i,11n,43p,1121b,334s stack positions out of 5000i,500n,10000p,200000b,50000s
</usr/local/texlive/2012/texmf-dist/fonts/type1/public/amsfonts/cm/cmbx10.pfb
></usr/local/texlive/2012/texmf-dist/fonts/type1/public/amsfonts/cm/cmbx12.pfb>
</usr/local/texlive/2012/texmf-dist/fonts/type1/public/amsfonts/cm/cmmi10.pfb><
/usr/local/texlive/2012/texmf-dist/fonts/type1/public/amsfonts/cm/cmmi7.pfb></u
sr/local/texlive/2012/texmf-dist/fonts/type1/public/amsfonts/cm/cmr10.pfb></usr
/local/texlive/2012/texmf-dist/fonts/type1/public/amsfonts/cm/cmr12.pfb></usr/l
ocal/texlive/2012/texmf-dist/fonts/type1/public/amsfonts/cm/cmr17.pfb></usr/loc
al/texlive/2012/texmf-dist/fonts/type1/public/amsfonts/cm/cmsl10.pfb></usr/loca
l/texlive/2012/texmf-dist/fonts/type1/public/amsfonts/cm/cmsy10.pfb>
Output written on writeupLab4.pdf (13 pages, 7173889 bytes).
PDF statistics:
 251 PDF objects out of 1000 (max. 8388607)
 115 compressed objects within 2 object streams
 0 named destinations out of 1000 (max. 500000)
 286 words of extra memory for PDF output out of 10000 (max. 10000000)

